<?xml version="1.0" encoding="UTF-8"?>
<testng-results ignored="0" total="1" passed="1" failed="0" skipped="0">
  <reporter-output>
  </reporter-output>
  <suite started-at="2023-01-11T00:50:53 IST" name="Default suite" finished-at="2023-01-11T00:51:03 IST" duration-ms="9705">
    <groups>
    </groups>
    <test started-at="2023-01-11T00:50:53 IST" name="Default test" finished-at="2023-01-11T00:51:03 IST" duration-ms="9705">
      <class name="TC_01.SignInButtonTests">
        <test-method is-config="true" signature="config()[pri:0, instance:TC_01.SignInButtonTests@6a78afa0]" started-at="2023-01-11T00:50:53 IST" name="config" finished-at="2023-01-11T00:50:54 IST" duration-ms="582" status="PASS">
          <reporter-output>
          </reporter-output>
        </test-method> <!-- config -->
        <test-method is-config="true" signature="setup()[pri:0, instance:TC_01.SignInButtonTests@6a78afa0]" started-at="2023-01-11T00:50:54 IST" name="setup" finished-at="2023-01-11T00:50:59 IST" duration-ms="4720" status="PASS">
          <reporter-output>
          </reporter-output>
        </test-method> <!-- setup -->
        <test-method signature="SelectmobileBrands()[pri:8, instance:TC_01.SignInButtonTests@6a78afa0]" started-at="2023-01-11T00:50:59 IST" name="SelectmobileBrands" finished-at="2023-01-11T00:51:02 IST" duration-ms="3270" status="PASS">
          <reporter-output>
          </reporter-output>
        </test-method> <!-- SelectmobileBrands -->
        <test-method is-config="true" signature="teardown()[pri:0, instance:TC_01.SignInButtonTests@6a78afa0]" started-at="2023-01-11T00:51:02 IST" name="teardown" finished-at="2023-01-11T00:51:03 IST" duration-ms="1047" status="PASS">
          <reporter-output>
          </reporter-output>
        </test-method> <!-- teardown -->
      </class> <!-- TC_01.SignInButtonTests -->
    </test> <!-- Default test -->
  </suite> <!-- Default suite -->
</testng-results>
